<?xml version="1.0" encoding="UTF-8"?>
<testng-results ignored="0" total="2" passed="2" failed="0" skipped="0">
  <reporter-output>
  </reporter-output>
  <suite started-at="2023-03-27T11:44:20 IST" name="org.example.AppTest" finished-at="2023-03-27T11:44:20 IST" duration-ms="52">
    <groups>
    </groups>
    <test started-at="2023-03-27T11:44:20 IST" name="Command line test" finished-at="2023-03-27T11:44:20 IST" duration-ms="52">
      <class name="org.example.AppTest">
        <test-method signature="testcase1_login()[pri:0, instance:org.example.AppTest@27c6e487]" started-at="2023-03-27T11:44:20 IST" name="testcase1_login" finished-at="2023-03-27T11:44:20 IST" duration-ms="11" status="PASS">
          <reporter-output>
          </reporter-output>
        </test-method> <!-- testcase1_login -->
        <test-method signature="testcase2_login()[pri:0, instance:org.example.AppTest@27c6e487]" started-at="2023-03-27T11:44:20 IST" name="testcase2_login" finished-at="2023-03-27T11:44:20 IST" duration-ms="1" status="PASS">
          <reporter-output>
          </reporter-output>
        </test-method> <!-- testcase2_login -->
      </class> <!-- org.example.AppTest -->
    </test> <!-- Command line test -->
  </suite> <!-- org.example.AppTest -->
</testng-results>
