<?xml version="1.0" encoding="UTF-8"?>
<testng-results ignored="0" total="2" passed="2" failed="0" skipped="0">
  <reporter-output>
  </reporter-output>
  <suite started-at="2023-03-29T10:45:51 IST" name="Surefire suite" finished-at="2023-03-29T10:45:51 IST" duration-ms="57">
    <groups>
    </groups>
    <test started-at="2023-03-29T10:45:51 IST" name="Surefire test" finished-at="2023-03-29T10:45:51 IST" duration-ms="57">
      <class name="org.example.AppTest">
        <test-method signature="testcase1_login()[pri:0, instance:org.example.AppTest@58134517]" started-at="2023-03-29T10:45:51 IST" name="testcase1_login" finished-at="2023-03-29T10:45:51 IST" duration-ms="13" status="PASS">
          <reporter-output>
          </reporter-output>
        </test-method> <!-- testcase1_login -->
        <test-method signature="testcase2_login()[pri:0, instance:org.example.AppTest@58134517]" started-at="2023-03-29T10:45:51 IST" name="testcase2_login" finished-at="2023-03-29T10:45:51 IST" duration-ms="0" status="PASS">
          <reporter-output>
          </reporter-output>
        </test-method> <!-- testcase2_login -->
      </class> <!-- org.example.AppTest -->
    </test> <!-- Surefire test -->
  </suite> <!-- Surefire suite -->
</testng-results>
